<?xml version="1.0" encoding="UTF-8"?>
<!-- Generated by org.testng.reporters.JUnitXMLReporter -->
<testsuite hostname="ajay-PC" ignored="0" name="Default test" tests="2" failures="0" timestamp="03 Nov 2019 06:18:36 GMT" time="33.192" errors="0">
  <testcase name="weightCalculatorFemale" time="3.406" classname="com.nationalguard.MavenDataDrivenNationalGuard.WeightCalculatorTest"/>
  <testcase name="weightCalculatorMale" time="3.584" classname="com.nationalguard.MavenDataDrivenNationalGuard.WeightCalculatorTest"/>
</testsuite> <!-- Default test -->
