<?xml version="1.0" encoding="UTF-8"?>
<!-- Generated by org.testng.reporters.JUnitXMLReporter -->
<testsuite hostname="ajay-PC" ignored="0" name="FiltnessCalculator" tests="2" failures="0" timestamp="30 Sep 2019 06:37:31 GMT" time="42.885" errors="0">
  <testcase name="fitnessCalculatorFemale" time="3.186" classname="com.nationalguard.MavenDataDrivenNationalGuard.FitnessCal"/>
  <testcase name="fitnessCalculatorMale" time="2.627" classname="com.nationalguard.MavenDataDrivenNationalGuard.FitnessCal"/>
</testsuite> <!-- FiltnessCalculator -->
