<?xml version="1.0" encoding="UTF-8"?>
<!-- Generated by org.testng.reporters.JUnitXMLReporter -->
<testsuite hostname="ajay-PC" ignored="0" name="FiltnessCalculator" tests="2" failures="1" timestamp="09 Nov 2019 05:15:50 GMT" time="16.569" errors="0">
  <testcase name="@AfterMethod closeBrowser" time="0.0" classname="com.nationalguard.base.BaseTest">
    <failure type="java.lang.NullPointerException">
      <![CDATA[java.lang.NullPointerException
	at com.nationalguard.base.BaseTest.closeBrowser(BaseTest.java:73)
... Removed 27 stack frames]]>
    </failure>
  </testcase> <!-- @AfterMethod closeBrowser -->
  <testcase name="@BeforeMethod setup" time="0.0" classname="com.nationalguard.base.BaseTest">
    <skipped/>
  </testcase> <!-- @BeforeMethod setup -->
  <testcase name="@AfterMethod closeBrowser" time="0.0" classname="com.nationalguard.base.BaseTest">
    <skipped/>
  </testcase> <!-- @AfterMethod closeBrowser -->
  <testcase name="fitnessCalculatorMale" time="0.004" classname="com.nationalguard.MavenDataDrivenNationalGuard.FitnessCal">
    <failure type="java.lang.NullPointerException">
      <![CDATA[java.lang.NullPointerException
	at com.nationalguard.MavenDataDrivenNationalGuard.FitnessCal.fitnessCalculatorMale(FitnessCal.java:18)
... Removed 25 stack frames]]>
    </failure>
  </testcase> <!-- fitnessCalculatorMale -->
  <testcase name="fitnessCalculatorFemale" time="0.008" classname="com.nationalguard.MavenDataDrivenNationalGuard.FitnessCal">
    <skipped/>
  </testcase> <!-- fitnessCalculatorFemale -->
</testsuite> <!-- FiltnessCalculator -->
