<?xml version="1.0" encoding="UTF-8"?>
<!-- Generated by org.testng.reporters.JUnitXMLReporter -->
<testsuite hostname="ajay-PC" ignored="0" name="FiltnessCalculator" tests="2" failures="0" timestamp="21 Dec 2019 04:25:18 GMT" time="48.973" errors="0">
  <testcase name="fitnessCalculatorMale" time="3.178" classname="com.nationalguard.fitness.FitnessCal"/>
  <testcase name="fitnessCalculatorFemale" time="3.004" classname="com.nationalguard.fitness.FitnessCal"/>
</testsuite> <!-- FiltnessCalculator -->
