<?xml version="1.0" encoding="UTF-8"?>
<!-- Generated by org.testng.reporters.JUnitXMLReporter -->
<testsuite hostname="ajay-PC" ignored="0" name="GetStarted" tests="1" failures="0" timestamp="09 Nov 2019 05:15:34 GMT" time="84.055" errors="0">
  <testcase name="@AfterMethod closeBrowser" time="0.0" classname="com.nationalguard.base.BaseTest">
    <failure type="java.lang.NullPointerException">
      <![CDATA[java.lang.NullPointerException
	at com.nationalguard.base.BaseTest.closeBrowser(BaseTest.java:73)
... Removed 27 stack frames]]>
    </failure>
  </testcase> <!-- @AfterMethod closeBrowser -->
  <testcase name="getStartedForm" time="67.98" classname="com.nationalguard.MavenDataDrivenNationalGuard.NationalGuardGetStarted"/>
</testsuite> <!-- GetStarted -->
