<?xml version="1.0" encoding="UTF-8"?>
<!-- Generated by org.testng.reporters.JUnitXMLReporter -->
<testsuite hostname="ajay-PC" ignored="0" name="GuardPay" tests="2" failures="0" timestamp="09 Nov 2019 05:16:15 GMT" time="24.488" errors="0">
  <testcase name="@AfterMethod closeBrowser" time="0.0" classname="com.nationalguard.base.BaseTest">
    <failure type="java.lang.NullPointerException">
      <![CDATA[java.lang.NullPointerException
	at com.nationalguard.base.BaseTest.closeBrowser(BaseTest.java:73)
... Removed 27 stack frames]]>
    </failure>
  </testcase> <!-- @AfterMethod closeBrowser -->
  <testcase name="@BeforeMethod setup" time="0.0" classname="com.nationalguard.base.BaseTest">
    <skipped/>
  </testcase> <!-- @BeforeMethod setup -->
  <testcase name="@AfterMethod closeBrowser" time="0.0" classname="com.nationalguard.base.BaseTest">
    <skipped/>
  </testcase> <!-- @AfterMethod closeBrowser -->
  <testcase name="guardpayEnlisted" time="4.835" classname="com.nationalguard.MavenDataDrivenNationalGuard.GuardPayTest"/>
  <testcase name="guardpayOfficer" time="0.005" classname="com.nationalguard.MavenDataDrivenNationalGuard.GuardPayTest">
    <skipped/>
  </testcase> <!-- guardpayOfficer -->
</testsuite> <!-- GuardPay -->
