<?xml version="1.0" encoding="UTF-8"?>
<!-- Generated by org.testng.reporters.JUnitXMLReporter -->
<testsuite hostname="ajay-PC" ignored="0" name="GuardPay" tests="2" failures="0" timestamp="30 Sep 2019 06:38:08 GMT" time="36.704" errors="0">
  <testcase name="guardpayEnlisted" time="3.01" classname="com.nationalguard.MavenDataDrivenNationalGuard.GuardPayTest"/>
  <testcase name="guardpayOfficer" time="2.672" classname="com.nationalguard.MavenDataDrivenNationalGuard.GuardPayTest"/>
</testsuite> <!-- GuardPay -->
