<?xml version="1.0" encoding="UTF-8"?>
<!-- Generated by org.testng.reporters.JUnitXMLReporter -->
<testsuite hostname="ajay-PC" ignored="0" name="WeightCalculator" tests="2" failures="0" timestamp="09 Nov 2019 05:17:09 GMT" time="53.651" errors="0">
  <testcase name="weightCalculatorFemale" time="3.885" classname="com.nationalguard.MavenDataDrivenNationalGuard.WeightCalculatorTest"/>
  <testcase name="weightCalculatorMale" time="5.191" classname="com.nationalguard.MavenDataDrivenNationalGuard.WeightCalculatorTest"/>
</testsuite> <!-- WeightCalculator -->
