<?xml version="1.0" encoding="UTF-8"?>
<!-- Generated by org.testng.reporters.JUnitXMLReporter -->
<testsuite hostname="ajay-PC" ignored="0" name="WeightCalculator" tests="2" failures="0" timestamp="12 Nov 2019 06:50:17 GMT" time="33.593" errors="0">
  <testcase name="weightCalculatorMale" time="3.522" classname="com.nationalguard.weightcal.WeightCalculatorTest"/>
  <testcase name="weightCalculatorFemale" time="3.378" classname="com.nationalguard.weightcal.WeightCalculatorTest"/>
</testsuite> <!-- WeightCalculator -->
