<?xml version="1.0" encoding="UTF-8"?>
<!-- Generated by org.testng.reporters.JUnitXMLReporter -->
<testsuite hostname="ajay-PC" ignored="0" name="WeightCalculator" tests="2" failures="0" timestamp="13 Nov 2019 02:31:48 GMT" time="33.463" errors="0">
  <testcase name="weightCalculatorMale" time="2.932" classname="com.nationalguard.weightcal.WeightCalculatorTest"/>
  <testcase name="weightCalculatorFemale" time="4.177" classname="com.nationalguard.weightcal.WeightCalculatorTest"/>
</testsuite> <!-- WeightCalculator -->
