<?xml version="1.0" encoding="UTF-8"?>
<testng-results skipped="0" failed="1" ignored="0" total="7" passed="6">
  <reporter-output>
  </reporter-output>
  <suite name="National Guard Suite" duration-ms="187010" started-at="2019-11-12T06:47:10Z" finished-at="2019-11-12T06:50:17Z">
    <groups>
    </groups>
    <test name="GetStarted" duration-ms="81526" started-at="2019-11-12T06:47:10Z" finished-at="2019-11-12T06:48:31Z">
      <class name="com.nationalguard.MavenDataDrivenNationalGuard.NationalGuardGetStarted">
        <test-method status="PASS" signature="setupSuite()[pri:0, instance:com.nationalguard.MavenDataDrivenNationalGuard.NationalGuardGetStarted@3ffc5af1]" name="setupSuite" is-config="true" duration-ms="255" started-at="2019-11-12T17:47:10Z" finished-at="2019-11-12T17:47:10Z">
          <reporter-output>
          </reporter-output>
        </test-method> <!-- setupSuite -->
        <test-method status="PASS" signature="setup()[pri:0, instance:com.nationalguard.MavenDataDrivenNationalGuard.NationalGuardGetStarted@3ffc5af1]" name="setup" is-config="true" duration-ms="12544" started-at="2019-11-12T17:47:10Z" finished-at="2019-11-12T17:47:23Z">
          <reporter-output>
          </reporter-output>
        </test-method> <!-- setup -->
        <test-method status="PASS" signature="getStartedForm()[pri:0, instance:com.nationalguard.MavenDataDrivenNationalGuard.NationalGuardGetStarted@3ffc5af1]" name="getStartedForm" duration-ms="67136" started-at="2019-11-12T17:47:23Z" finished-at="2019-11-12T17:48:30Z">
          <reporter-output>
          </reporter-output>
        </test-method> <!-- getStartedForm -->
        <test-method status="PASS" signature="tearDownMethod(org.testng.ITestResult)[pri:0, instance:com.nationalguard.MavenDataDrivenNationalGuard.NationalGuardGetStarted@3ffc5af1]" name="tearDownMethod" is-config="true" duration-ms="1564" started-at="2019-11-12T17:48:30Z" finished-at="2019-11-12T17:48:31Z">
          <params>
            <param index="0">
              <value>
                <![CDATA[[TestResult name=getStartedForm status=SUCCESS method=NationalGuardGetStarted.getStartedForm()[pri:0, instance:com.nationalguard.MavenDataDrivenNationalGuard.NationalGuardGetStarted@3ffc5af1] output={null}]]]>
              </value>
            </param>
          </params>
          <reporter-output>
          </reporter-output>
        </test-method> <!-- tearDownMethod -->
      </class> <!-- com.nationalguard.MavenDataDrivenNationalGuard.NationalGuardGetStarted -->
    </test> <!-- GetStarted -->
    <test name="FiltnessCalculator" duration-ms="32536" started-at="2019-11-12T06:48:31Z" finished-at="2019-11-12T06:49:04Z">
      <class name="com.nationalguard.fitness.FitnessCal">
        <test-method status="PASS" signature="setupSuite()[pri:0, instance:com.nationalguard.fitness.FitnessCal@343f4d3d]" name="setupSuite" is-config="true" duration-ms="4" started-at="2019-11-12T17:48:31Z" finished-at="2019-11-12T17:48:31Z">
          <reporter-output>
          </reporter-output>
        </test-method> <!-- setupSuite -->
        <test-method status="PASS" signature="setup()[pri:0, instance:com.nationalguard.fitness.FitnessCal@343f4d3d]" name="setup" is-config="true" duration-ms="11402" started-at="2019-11-12T17:48:31Z" finished-at="2019-11-12T17:48:43Z">
          <reporter-output>
          </reporter-output>
        </test-method> <!-- setup -->
        <test-method status="FAIL" signature="fitnessCalculatorMale()[pri:1, instance:com.nationalguard.fitness.FitnessCal@343f4d3d]" name="fitnessCalculatorMale" duration-ms="1541" started-at="2019-11-12T17:48:43Z" finished-at="2019-11-12T17:48:44Z">
          <exception class="org.openqa.selenium.WebDriverException">
            <message>
              <![CDATA[unknown error: Element <label for="gender_0" class="btn-outline">...</label> is not clickable at point (646, 471). Other element would receive the click: <div id="loader" class="align-self-middle text-center">...</div>
  (Session info: chrome=78.0.3904.97)
  (Driver info: chromedriver=2.39.562718 (9a2698cba08cf5a471a29d30c8b3e12becabb0e9),platform=Windows NT 10.0.17763 x86_64) (WARNING: The server did not provide any stacktrace information)
Command duration or timeout: 0 milliseconds
Build info: version: '3.11.0', revision: 'e59cfb3', time: '2018-03-11T20:26:55.152Z'
System info: host: 'AJAY-PC', ip: '192.168.0.131', os.name: 'Windows 8.1', os.arch: 'amd64', os.version: '6.3', java.version: '1.8.0_05'
Driver info: org.openqa.selenium.chrome.ChromeDriver
Capabilities {acceptInsecureCerts: false, acceptSslCerts: false, applicationCacheEnabled: false, browserConnectionEnabled: false, browserName: chrome, chrome: {chromedriverVersion: 2.39.562718 (9a2698cba08cf5..., userDataDir: C:\Users\ajay\AppData\Local...}, cssSelectorsEnabled: true, databaseEnabled: false, handlesAlerts: true, hasTouchScreen: false, javascriptEnabled: true, locationContextEnabled: true, mobileEmulationEnabled: false, nativeEvents: true, networkConnectionEnabled: false, pageLoadStrategy: normal, platform: XP, platformName: XP, rotatable: false, setWindowRect: true, takesHeapSnapshot: true, takesScreenshot: true, unexpectedAlertBehaviour: , unhandledPromptBehavior: , version: 78.0.3904.97, webStorageEnabled: true}
Session ID: e26a751888527e4843c307fc0e69d26a]]>
            </message>
            <full-stacktrace>
              <![CDATA[org.openqa.selenium.WebDriverException: unknown error: Element <label for="gender_0" class="btn-outline">...</label> is not clickable at point (646, 471). Other element would receive the click: <div id="loader" class="align-self-middle text-center">...</div>
  (Session info: chrome=78.0.3904.97)
  (Driver info: chromedriver=2.39.562718 (9a2698cba08cf5a471a29d30c8b3e12becabb0e9),platform=Windows NT 10.0.17763 x86_64) (WARNING: The server did not provide any stacktrace information)
Command duration or timeout: 0 milliseconds
Build info: version: '3.11.0', revision: 'e59cfb3', time: '2018-03-11T20:26:55.152Z'
System info: host: 'AJAY-PC', ip: '192.168.0.131', os.name: 'Windows 8.1', os.arch: 'amd64', os.version: '6.3', java.version: '1.8.0_05'
Driver info: org.openqa.selenium.chrome.ChromeDriver
Capabilities {acceptInsecureCerts: false, acceptSslCerts: false, applicationCacheEnabled: false, browserConnectionEnabled: false, browserName: chrome, chrome: {chromedriverVersion: 2.39.562718 (9a2698cba08cf5..., userDataDir: C:\Users\ajay\AppData\Local...}, cssSelectorsEnabled: true, databaseEnabled: false, handlesAlerts: true, hasTouchScreen: false, javascriptEnabled: true, locationContextEnabled: true, mobileEmulationEnabled: false, nativeEvents: true, networkConnectionEnabled: false, pageLoadStrategy: normal, platform: XP, platformName: XP, rotatable: false, setWindowRect: true, takesHeapSnapshot: true, takesScreenshot: true, unexpectedAlertBehaviour: , unhandledPromptBehavior: , version: 78.0.3904.97, webStorageEnabled: true}
Session ID: e26a751888527e4843c307fc0e69d26a
	at sun.reflect.NativeConstructorAccessorImpl.newInstance0(Native Method)
	at sun.reflect.NativeConstructorAccessorImpl.newInstance(NativeConstructorAccessorImpl.java:62)
	at sun.reflect.DelegatingConstructorAccessorImpl.newInstance(DelegatingConstructorAccessorImpl.java:45)
	at java.lang.reflect.Constructor.newInstance(Constructor.java:408)
	at org.openqa.selenium.remote.ErrorHandler.createThrowable(ErrorHandler.java:214)
	at org.openqa.selenium.remote.ErrorHandler.throwIfResponseFailed(ErrorHandler.java:166)
	at org.openqa.selenium.remote.http.JsonHttpResponseCodec.reconstructValue(JsonHttpResponseCodec.java:40)
	at org.openqa.selenium.remote.http.AbstractHttpResponseCodec.decode(AbstractHttpResponseCodec.java:80)
	at org.openqa.selenium.remote.http.AbstractHttpResponseCodec.decode(AbstractHttpResponseCodec.java:44)
	at org.openqa.selenium.remote.HttpCommandExecutor.execute(HttpCommandExecutor.java:158)
	at org.openqa.selenium.remote.service.DriverCommandExecutor.execute(DriverCommandExecutor.java:83)
	at org.openqa.selenium.remote.RemoteWebDriver.execute(RemoteWebDriver.java:545)
	at org.openqa.selenium.remote.RemoteWebElement.execute(RemoteWebElement.java:279)
	at org.openqa.selenium.remote.RemoteWebElement.click(RemoteWebElement.java:83)
	at com.nationalguard.fitness.FitnessCal.fitnessCalculatorMale(FitnessCal.java:32)
	at sun.reflect.NativeMethodAccessorImpl.invoke0(Native Method)
	at sun.reflect.NativeMethodAccessorImpl.invoke(NativeMethodAccessorImpl.java:62)
	at sun.reflect.DelegatingMethodAccessorImpl.invoke(DelegatingMethodAccessorImpl.java:43)
	at java.lang.reflect.Method.invoke(Method.java:483)
	at org.testng.internal.MethodInvocationHelper.invokeMethod(MethodInvocationHelper.java:104)
	at org.testng.internal.Invoker.invokeMethod(Invoker.java:645)
	at org.testng.internal.Invoker.invokeTestMethod(Invoker.java:851)
	at org.testng.internal.Invoker.invokeTestMethods(Invoker.java:1177)
	at org.testng.internal.TestMethodWorker.invokeTestMethods(TestMethodWorker.java:129)
	at org.testng.internal.TestMethodWorker.run(TestMethodWorker.java:112)
	at org.testng.TestRunner.privateRun(TestRunner.java:756)
	at org.testng.TestRunner.run(TestRunner.java:610)
	at org.testng.SuiteRunner.runTest(SuiteRunner.java:387)
	at org.testng.SuiteRunner.runSequentially(SuiteRunner.java:382)
	at org.testng.SuiteRunner.privateRun(SuiteRunner.java:340)
	at org.testng.SuiteRunner.run(SuiteRunner.java:289)
	at org.testng.SuiteRunnerWorker.runSuite(SuiteRunnerWorker.java:52)
	at org.testng.SuiteRunnerWorker.run(SuiteRunnerWorker.java:86)
	at org.testng.TestNG.runSuitesSequentially(TestNG.java:1293)
	at org.testng.TestNG.runSuitesLocally(TestNG.java:1218)
	at org.testng.TestNG.runSuites(TestNG.java:1133)
	at org.testng.TestNG.run(TestNG.java:1104)
	at org.testng.remote.AbstractRemoteTestNG.run(AbstractRemoteTestNG.java:115)
	at org.testng.remote.RemoteTestNG.initAndRun(RemoteTestNG.java:251)
	at org.testng.remote.RemoteTestNG.main(RemoteTestNG.java:77)
]]>
            </full-stacktrace>
          </exception> <!-- org.openqa.selenium.WebDriverException -->
          <reporter-output>
          </reporter-output>
        </test-method> <!-- fitnessCalculatorMale -->
        <test-method status="PASS" signature="tearDownMethod(org.testng.ITestResult)[pri:0, instance:com.nationalguard.fitness.FitnessCal@343f4d3d]" name="tearDownMethod" is-config="true" duration-ms="1580" started-at="2019-11-12T17:48:44Z" finished-at="2019-11-12T17:48:46Z">
          <params>
            <param index="0">
              <value>
                <![CDATA[[TestResult name=fitnessCalculatorMale status=FAILURE method=FitnessCal.fitnessCalculatorMale()[pri:1, instance:com.nationalguard.fitness.FitnessCal@343f4d3d] output={null}]]]>
              </value>
            </param>
          </params>
          <reporter-output>
          </reporter-output>
        </test-method> <!-- tearDownMethod -->
        <test-method status="PASS" signature="setup()[pri:0, instance:com.nationalguard.fitness.FitnessCal@343f4d3d]" name="setup" is-config="true" duration-ms="12926" started-at="2019-11-12T17:48:46Z" finished-at="2019-11-12T17:48:59Z">
          <reporter-output>
          </reporter-output>
        </test-method> <!-- setup -->
        <test-method status="PASS" signature="fitnessCalculatorFemale()[pri:2, instance:com.nationalguard.fitness.FitnessCal@343f4d3d]" name="fitnessCalculatorFemale" duration-ms="3942" started-at="2019-11-12T17:48:59Z" finished-at="2019-11-12T17:49:03Z">
          <reporter-output>
          </reporter-output>
        </test-method> <!-- fitnessCalculatorFemale -->
        <test-method status="PASS" signature="tearDownMethod(org.testng.ITestResult)[pri:0, instance:com.nationalguard.fitness.FitnessCal@343f4d3d]" name="tearDownMethod" is-config="true" duration-ms="1123" started-at="2019-11-12T17:49:03Z" finished-at="2019-11-12T17:49:04Z">
          <params>
            <param index="0">
              <value>
                <![CDATA[[TestResult name=fitnessCalculatorFemale status=SUCCESS method=FitnessCal.fitnessCalculatorFemale()[pri:2, instance:com.nationalguard.fitness.FitnessCal@343f4d3d] output={null}]]]>
              </value>
            </param>
          </params>
          <reporter-output>
          </reporter-output>
        </test-method> <!-- tearDownMethod -->
      </class> <!-- com.nationalguard.fitness.FitnessCal -->
    </test> <!-- FiltnessCalculator -->
    <test name="GuardPay" duration-ms="39273" started-at="2019-11-12T06:49:04Z" finished-at="2019-11-12T06:49:43Z">
      <class name="com.nationalguard.guardpay.GuardPayTest">
        <test-method status="PASS" signature="setup()[pri:0, instance:com.nationalguard.guardpay.GuardPayTest@e25b2fe]" name="setup" is-config="true" duration-ms="15924" started-at="2019-11-12T17:49:04Z" finished-at="2019-11-12T17:49:20Z">
          <reporter-output>
          </reporter-output>
        </test-method> <!-- setup -->
        <test-method status="PASS" signature="setupSuite()[pri:0, instance:com.nationalguard.guardpay.GuardPayTest@e25b2fe]" name="setupSuite" is-config="true" duration-ms="0" started-at="2019-11-12T17:49:04Z" finished-at="2019-11-12T17:49:04Z">
          <reporter-output>
          </reporter-output>
        </test-method> <!-- setupSuite -->
        <test-method status="PASS" signature="guardpayEnlisted()[pri:1, instance:com.nationalguard.guardpay.GuardPayTest@e25b2fe]" name="guardpayEnlisted" duration-ms="2402" started-at="2019-11-12T17:49:20Z" finished-at="2019-11-12T17:49:22Z">
          <reporter-output>
          </reporter-output>
        </test-method> <!-- guardpayEnlisted -->
        <test-method status="PASS" signature="tearDownMethod(org.testng.ITestResult)[pri:0, instance:com.nationalguard.guardpay.GuardPayTest@e25b2fe]" name="tearDownMethod" is-config="true" duration-ms="1136" started-at="2019-11-12T17:49:22Z" finished-at="2019-11-12T17:49:23Z">
          <params>
            <param index="0">
              <value>
                <![CDATA[[TestResult name=guardpayEnlisted status=SUCCESS method=GuardPayTest.guardpayEnlisted()[pri:1, instance:com.nationalguard.guardpay.GuardPayTest@e25b2fe] output={null}]]]>
              </value>
            </param>
          </params>
          <reporter-output>
          </reporter-output>
        </test-method> <!-- tearDownMethod -->
        <test-method status="PASS" signature="setup()[pri:0, instance:com.nationalguard.guardpay.GuardPayTest@e25b2fe]" name="setup" is-config="true" duration-ms="16341" started-at="2019-11-12T17:49:23Z" finished-at="2019-11-12T17:49:40Z">
          <reporter-output>
          </reporter-output>
        </test-method> <!-- setup -->
        <test-method status="PASS" signature="guardpayOfficer()[pri:2, instance:com.nationalguard.guardpay.GuardPayTest@e25b2fe]" name="guardpayOfficer" duration-ms="2333" started-at="2019-11-12T17:49:40Z" finished-at="2019-11-12T17:49:42Z">
          <reporter-output>
          </reporter-output>
        </test-method> <!-- guardpayOfficer -->
        <test-method status="PASS" signature="tearDownMethod(org.testng.ITestResult)[pri:0, instance:com.nationalguard.guardpay.GuardPayTest@e25b2fe]" name="tearDownMethod" is-config="true" duration-ms="1129" started-at="2019-11-12T17:49:42Z" finished-at="2019-11-12T17:49:43Z">
          <params>
            <param index="0">
              <value>
                <![CDATA[[TestResult name=guardpayOfficer status=SUCCESS method=GuardPayTest.guardpayOfficer()[pri:2, instance:com.nationalguard.guardpay.GuardPayTest@e25b2fe] output={null}]]]>
              </value>
            </param>
          </params>
          <reporter-output>
          </reporter-output>
        </test-method> <!-- tearDownMethod -->
      </class> <!-- com.nationalguard.guardpay.GuardPayTest -->
    </test> <!-- GuardPay -->
    <test name="WeightCalculator" duration-ms="33593" started-at="2019-11-12T06:49:43Z" finished-at="2019-11-12T06:50:17Z">
      <class name="com.nationalguard.weightcal.WeightCalculatorTest">
        <test-method status="PASS" signature="setupSuite()[pri:0, instance:com.nationalguard.weightcal.WeightCalculatorTest@239963d8]" name="setupSuite" is-config="true" duration-ms="0" started-at="2019-11-12T17:49:43Z" finished-at="2019-11-12T17:49:43Z">
          <reporter-output>
          </reporter-output>
        </test-method> <!-- setupSuite -->
        <test-method status="PASS" signature="setup()[pri:0, instance:com.nationalguard.weightcal.WeightCalculatorTest@239963d8]" name="setup" is-config="true" duration-ms="13007" started-at="2019-11-12T17:49:43Z" finished-at="2019-11-12T17:49:56Z">
          <reporter-output>
          </reporter-output>
        </test-method> <!-- setup -->
        <test-method status="PASS" signature="weightCalculatorMale()[pri:1, instance:com.nationalguard.weightcal.WeightCalculatorTest@239963d8]" name="weightCalculatorMale" duration-ms="3522" started-at="2019-11-12T17:49:56Z" finished-at="2019-11-12T17:50:00Z">
          <reporter-output>
          </reporter-output>
        </test-method> <!-- weightCalculatorMale -->
        <test-method status="PASS" signature="tearDownMethod(org.testng.ITestResult)[pri:0, instance:com.nationalguard.weightcal.WeightCalculatorTest@239963d8]" name="tearDownMethod" is-config="true" duration-ms="1108" started-at="2019-11-12T17:50:00Z" finished-at="2019-11-12T17:50:01Z">
          <params>
            <param index="0">
              <value>
                <![CDATA[[TestResult name=weightCalculatorMale status=SUCCESS method=WeightCalculatorTest.weightCalculatorMale()[pri:1, instance:com.nationalguard.weightcal.WeightCalculatorTest@239963d8] output={null}]]]>
              </value>
            </param>
          </params>
          <reporter-output>
          </reporter-output>
        </test-method> <!-- tearDownMethod -->
        <test-method status="PASS" signature="setup()[pri:0, instance:com.nationalguard.weightcal.WeightCalculatorTest@239963d8]" name="setup" is-config="true" duration-ms="11313" started-at="2019-11-12T17:50:01Z" finished-at="2019-11-12T17:50:12Z">
          <reporter-output>
          </reporter-output>
        </test-method> <!-- setup -->
        <test-method status="PASS" signature="weightCalculatorFemale()[pri:2, instance:com.nationalguard.weightcal.WeightCalculatorTest@239963d8]" name="weightCalculatorFemale" duration-ms="3378" started-at="2019-11-12T17:50:12Z" finished-at="2019-11-12T17:50:16Z">
          <reporter-output>
          </reporter-output>
        </test-method> <!-- weightCalculatorFemale -->
        <test-method status="PASS" signature="tearDownMethod(org.testng.ITestResult)[pri:0, instance:com.nationalguard.weightcal.WeightCalculatorTest@239963d8]" name="tearDownMethod" is-config="true" duration-ms="1248" started-at="2019-11-12T17:50:16Z" finished-at="2019-11-12T17:50:17Z">
          <params>
            <param index="0">
              <value>
                <![CDATA[[TestResult name=weightCalculatorFemale status=SUCCESS method=WeightCalculatorTest.weightCalculatorFemale()[pri:2, instance:com.nationalguard.weightcal.WeightCalculatorTest@239963d8] output={null}]]]>
              </value>
            </param>
          </params>
          <reporter-output>
          </reporter-output>
        </test-method> <!-- tearDownMethod -->
      </class> <!-- com.nationalguard.weightcal.WeightCalculatorTest -->
    </test> <!-- WeightCalculator -->
  </suite> <!-- National Guard Suite -->
</testng-results>
