<?xml version="1.0" encoding="UTF-8"?>
<testng-results skipped="0" failed="1" ignored="0" total="8" passed="7">
  <reporter-output>
  </reporter-output>
  <suite name="National Guard Suite" duration-ms="200635" started-at="2019-09-30T06:35:19Z" finished-at="2019-09-30T06:38:40Z">
    <groups>
    </groups>
    <test name="GetStarted" duration-ms="89172" started-at="2019-09-30T06:35:19Z" finished-at="2019-09-30T06:36:48Z">
      <class name="com.nationalguard.MavenDataDrivenNationalGuard.NationalGuardGetStarted">
        <test-method status="PASS" signature="setup()[pri:0, instance:com.nationalguard.MavenDataDrivenNationalGuard.NationalGuardGetStarted@5e5792a0]" name="setup" is-config="true" duration-ms="14647" started-at="2019-09-30T16:35:19Z" finished-at="2019-09-30T16:35:34Z">
          <reporter-output>
          </reporter-output>
        </test-method> <!-- setup -->
        <test-method status="PASS" signature="fitnessCalculator()[pri:0, instance:com.nationalguard.MavenDataDrivenNationalGuard.NationalGuardGetStarted@5e5792a0]" name="fitnessCalculator" duration-ms="376" started-at="2019-09-30T16:35:34Z" finished-at="2019-09-30T16:35:34Z">
          <reporter-output>
          </reporter-output>
        </test-method> <!-- fitnessCalculator -->
        <test-method status="PASS" signature="closeBrowser()[pri:0, instance:com.nationalguard.MavenDataDrivenNationalGuard.NationalGuardGetStarted@5e5792a0]" name="closeBrowser" is-config="true" duration-ms="1140" started-at="2019-09-30T16:35:34Z" finished-at="2019-09-30T16:35:35Z">
          <reporter-output>
          </reporter-output>
        </test-method> <!-- closeBrowser -->
        <test-method status="PASS" signature="setup()[pri:0, instance:com.nationalguard.MavenDataDrivenNationalGuard.NationalGuardGetStarted@5e5792a0]" name="setup" is-config="true" duration-ms="11316" started-at="2019-09-30T16:35:35Z" finished-at="2019-09-30T16:35:46Z">
          <reporter-output>
          </reporter-output>
        </test-method> <!-- setup -->
        <test-method status="PASS" signature="getStartedForm()[pri:0, instance:com.nationalguard.MavenDataDrivenNationalGuard.NationalGuardGetStarted@5e5792a0]" name="getStartedForm" duration-ms="60508" started-at="2019-09-30T16:35:46Z" finished-at="2019-09-30T16:36:47Z">
          <reporter-output>
          </reporter-output>
        </test-method> <!-- getStartedForm -->
        <test-method status="PASS" signature="closeBrowser()[pri:0, instance:com.nationalguard.MavenDataDrivenNationalGuard.NationalGuardGetStarted@5e5792a0]" name="closeBrowser" is-config="true" duration-ms="1153" started-at="2019-09-30T16:36:47Z" finished-at="2019-09-30T16:36:48Z">
          <reporter-output>
          </reporter-output>
        </test-method> <!-- closeBrowser -->
      </class> <!-- com.nationalguard.MavenDataDrivenNationalGuard.NationalGuardGetStarted -->
    </test> <!-- GetStarted -->
    <test name="FiltnessCalculator" duration-ms="42885" started-at="2019-09-30T06:36:48Z" finished-at="2019-09-30T06:37:31Z">
      <class name="com.nationalguard.MavenDataDrivenNationalGuard.FitnessCal">
        <test-method status="PASS" signature="setup()[pri:0, instance:com.nationalguard.MavenDataDrivenNationalGuard.FitnessCal@57baeedf]" name="setup" is-config="true" duration-ms="16197" started-at="2019-09-30T16:36:48Z" finished-at="2019-09-30T16:37:04Z">
          <reporter-output>
          </reporter-output>
        </test-method> <!-- setup -->
        <test-method status="PASS" signature="fitnessCalculatorFemale()[pri:0, instance:com.nationalguard.MavenDataDrivenNationalGuard.FitnessCal@57baeedf]" name="fitnessCalculatorFemale" duration-ms="3186" started-at="2019-09-30T16:37:04Z" finished-at="2019-09-30T16:37:08Z">
          <reporter-output>
          </reporter-output>
        </test-method> <!-- fitnessCalculatorFemale -->
        <test-method status="PASS" signature="closeBrowser()[pri:0, instance:com.nationalguard.MavenDataDrivenNationalGuard.FitnessCal@57baeedf]" name="closeBrowser" is-config="true" duration-ms="1047" started-at="2019-09-30T16:37:08Z" finished-at="2019-09-30T16:37:09Z">
          <reporter-output>
          </reporter-output>
        </test-method> <!-- closeBrowser -->
        <test-method status="PASS" signature="setup()[pri:0, instance:com.nationalguard.MavenDataDrivenNationalGuard.FitnessCal@57baeedf]" name="setup" is-config="true" duration-ms="18690" started-at="2019-09-30T16:37:09Z" finished-at="2019-09-30T16:37:27Z">
          <reporter-output>
          </reporter-output>
        </test-method> <!-- setup -->
        <test-method status="PASS" signature="fitnessCalculatorMale()[pri:0, instance:com.nationalguard.MavenDataDrivenNationalGuard.FitnessCal@57baeedf]" name="fitnessCalculatorMale" duration-ms="2627" started-at="2019-09-30T16:37:27Z" finished-at="2019-09-30T16:37:30Z">
          <reporter-output>
          </reporter-output>
        </test-method> <!-- fitnessCalculatorMale -->
        <test-method status="PASS" signature="closeBrowser()[pri:0, instance:com.nationalguard.MavenDataDrivenNationalGuard.FitnessCal@57baeedf]" name="closeBrowser" is-config="true" duration-ms="1124" started-at="2019-09-30T16:37:30Z" finished-at="2019-09-30T16:37:31Z">
          <reporter-output>
          </reporter-output>
        </test-method> <!-- closeBrowser -->
      </class> <!-- com.nationalguard.MavenDataDrivenNationalGuard.FitnessCal -->
    </test> <!-- FiltnessCalculator -->
    <test name="GuardPay" duration-ms="36704" started-at="2019-09-30T06:37:31Z" finished-at="2019-09-30T06:38:08Z">
      <class name="com.nationalguard.MavenDataDrivenNationalGuard.GuardPayTest">
        <test-method status="PASS" signature="setup()[pri:0, instance:com.nationalguard.MavenDataDrivenNationalGuard.GuardPayTest@204f30ec]" name="setup" is-config="true" duration-ms="15784" started-at="2019-09-30T16:37:31Z" finished-at="2019-09-30T16:37:47Z">
          <reporter-output>
          </reporter-output>
        </test-method> <!-- setup -->
        <test-method status="PASS" signature="guardpayEnlisted()[pri:0, instance:com.nationalguard.MavenDataDrivenNationalGuard.GuardPayTest@204f30ec]" name="guardpayEnlisted" duration-ms="3010" started-at="2019-09-30T16:37:47Z" finished-at="2019-09-30T16:37:50Z">
          <reporter-output>
          </reporter-output>
        </test-method> <!-- guardpayEnlisted -->
        <test-method status="PASS" signature="closeBrowser()[pri:0, instance:com.nationalguard.MavenDataDrivenNationalGuard.GuardPayTest@204f30ec]" name="closeBrowser" is-config="true" duration-ms="1047" started-at="2019-09-30T16:37:50Z" finished-at="2019-09-30T16:37:51Z">
          <reporter-output>
          </reporter-output>
        </test-method> <!-- closeBrowser -->
        <test-method status="PASS" signature="setup()[pri:0, instance:com.nationalguard.MavenDataDrivenNationalGuard.GuardPayTest@204f30ec]" name="setup" is-config="true" duration-ms="13095" started-at="2019-09-30T16:37:51Z" finished-at="2019-09-30T16:38:04Z">
          <reporter-output>
          </reporter-output>
        </test-method> <!-- setup -->
        <test-method status="PASS" signature="guardpayOfficer()[pri:0, instance:com.nationalguard.MavenDataDrivenNationalGuard.GuardPayTest@204f30ec]" name="guardpayOfficer" duration-ms="2672" started-at="2019-09-30T16:38:04Z" finished-at="2019-09-30T16:38:07Z">
          <reporter-output>
          </reporter-output>
        </test-method> <!-- guardpayOfficer -->
        <test-method status="PASS" signature="closeBrowser()[pri:0, instance:com.nationalguard.MavenDataDrivenNationalGuard.GuardPayTest@204f30ec]" name="closeBrowser" is-config="true" duration-ms="1084" started-at="2019-09-30T16:38:07Z" finished-at="2019-09-30T16:38:08Z">
          <reporter-output>
          </reporter-output>
        </test-method> <!-- closeBrowser -->
      </class> <!-- com.nationalguard.MavenDataDrivenNationalGuard.GuardPayTest -->
    </test> <!-- GuardPay -->
    <test name="WeightCalculator" duration-ms="31791" started-at="2019-09-30T06:38:08Z" finished-at="2019-09-30T06:38:40Z">
      <class name="com.nationalguard.MavenDataDrivenNationalGuard.WeightCalculatorTest">
        <test-method status="PASS" signature="setup()[pri:0, instance:com.nationalguard.MavenDataDrivenNationalGuard.WeightCalculatorTest@13deb50e]" name="setup" is-config="true" duration-ms="13530" started-at="2019-09-30T16:38:08Z" finished-at="2019-09-30T16:38:21Z">
          <reporter-output>
          </reporter-output>
        </test-method> <!-- setup -->
        <test-method status="PASS" signature="weightCalculatorFemale()[pri:0, instance:com.nationalguard.MavenDataDrivenNationalGuard.WeightCalculatorTest@13deb50e]" name="weightCalculatorFemale" duration-ms="3548" started-at="2019-09-30T16:38:21Z" finished-at="2019-09-30T16:38:25Z">
          <reporter-output>
          </reporter-output>
        </test-method> <!-- weightCalculatorFemale -->
        <test-method status="PASS" signature="closeBrowser()[pri:0, instance:com.nationalguard.MavenDataDrivenNationalGuard.WeightCalculatorTest@13deb50e]" name="closeBrowser" is-config="true" duration-ms="1030" started-at="2019-09-30T16:38:25Z" finished-at="2019-09-30T16:38:26Z">
          <reporter-output>
          </reporter-output>
        </test-method> <!-- closeBrowser -->
        <test-method status="PASS" signature="setup()[pri:0, instance:com.nationalguard.MavenDataDrivenNationalGuard.WeightCalculatorTest@13deb50e]" name="setup" is-config="true" duration-ms="11612" started-at="2019-09-30T16:38:26Z" finished-at="2019-09-30T16:38:38Z">
          <reporter-output>
          </reporter-output>
        </test-method> <!-- setup -->
        <test-method status="FAIL" signature="weightCalculatorMale()[pri:0, instance:com.nationalguard.MavenDataDrivenNationalGuard.WeightCalculatorTest@13deb50e]" name="weightCalculatorMale" duration-ms="968" started-at="2019-09-30T16:38:38Z" finished-at="2019-09-30T16:38:38Z">
          <exception class="org.openqa.selenium.WebDriverException">
            <message>
              <![CDATA[unknown error: Element <label for="gender_0" class="btn-outline">...</label> is not clickable at point (646, 471). Other element would receive the click: <div id="loader" class="align-self-middle text-center">...</div>
  (Session info: chrome=77.0.3865.90)
  (Driver info: chromedriver=2.39.562718 (9a2698cba08cf5a471a29d30c8b3e12becabb0e9),platform=Windows NT 10.0.17763 x86_64) (WARNING: The server did not provide any stacktrace information)
Command duration or timeout: 0 milliseconds
Build info: version: '3.11.0', revision: 'e59cfb3', time: '2018-03-11T20:26:55.152Z'
System info: host: 'AJAY-PC', ip: '192.168.0.131', os.name: 'Windows 8.1', os.arch: 'amd64', os.version: '6.3', java.version: '1.8.0_05'
Driver info: org.openqa.selenium.chrome.ChromeDriver
Capabilities {acceptInsecureCerts: false, acceptSslCerts: false, applicationCacheEnabled: false, browserConnectionEnabled: false, browserName: chrome, chrome: {chromedriverVersion: 2.39.562718 (9a2698cba08cf5..., userDataDir: C:\Users\ajay\AppData\Local...}, cssSelectorsEnabled: true, databaseEnabled: false, handlesAlerts: true, hasTouchScreen: false, javascriptEnabled: true, locationContextEnabled: true, mobileEmulationEnabled: false, nativeEvents: true, networkConnectionEnabled: false, pageLoadStrategy: normal, platform: XP, platformName: XP, rotatable: false, setWindowRect: true, takesHeapSnapshot: true, takesScreenshot: true, unexpectedAlertBehaviour: , unhandledPromptBehavior: , version: 77.0.3865.90, webStorageEnabled: true}
Session ID: 31eae7a459247669e2b3117df0d2fb5e]]>
            </message>
            <full-stacktrace>
              <![CDATA[org.openqa.selenium.WebDriverException: unknown error: Element <label for="gender_0" class="btn-outline">...</label> is not clickable at point (646, 471). Other element would receive the click: <div id="loader" class="align-self-middle text-center">...</div>
  (Session info: chrome=77.0.3865.90)
  (Driver info: chromedriver=2.39.562718 (9a2698cba08cf5a471a29d30c8b3e12becabb0e9),platform=Windows NT 10.0.17763 x86_64) (WARNING: The server did not provide any stacktrace information)
Command duration or timeout: 0 milliseconds
Build info: version: '3.11.0', revision: 'e59cfb3', time: '2018-03-11T20:26:55.152Z'
System info: host: 'AJAY-PC', ip: '192.168.0.131', os.name: 'Windows 8.1', os.arch: 'amd64', os.version: '6.3', java.version: '1.8.0_05'
Driver info: org.openqa.selenium.chrome.ChromeDriver
Capabilities {acceptInsecureCerts: false, acceptSslCerts: false, applicationCacheEnabled: false, browserConnectionEnabled: false, browserName: chrome, chrome: {chromedriverVersion: 2.39.562718 (9a2698cba08cf5..., userDataDir: C:\Users\ajay\AppData\Local...}, cssSelectorsEnabled: true, databaseEnabled: false, handlesAlerts: true, hasTouchScreen: false, javascriptEnabled: true, locationContextEnabled: true, mobileEmulationEnabled: false, nativeEvents: true, networkConnectionEnabled: false, pageLoadStrategy: normal, platform: XP, platformName: XP, rotatable: false, setWindowRect: true, takesHeapSnapshot: true, takesScreenshot: true, unexpectedAlertBehaviour: , unhandledPromptBehavior: , version: 77.0.3865.90, webStorageEnabled: true}
Session ID: 31eae7a459247669e2b3117df0d2fb5e
	at sun.reflect.NativeConstructorAccessorImpl.newInstance0(Native Method)
	at sun.reflect.NativeConstructorAccessorImpl.newInstance(NativeConstructorAccessorImpl.java:62)
	at sun.reflect.DelegatingConstructorAccessorImpl.newInstance(DelegatingConstructorAccessorImpl.java:45)
	at java.lang.reflect.Constructor.newInstance(Constructor.java:408)
	at org.openqa.selenium.remote.ErrorHandler.createThrowable(ErrorHandler.java:214)
	at org.openqa.selenium.remote.ErrorHandler.throwIfResponseFailed(ErrorHandler.java:166)
	at org.openqa.selenium.remote.http.JsonHttpResponseCodec.reconstructValue(JsonHttpResponseCodec.java:40)
	at org.openqa.selenium.remote.http.AbstractHttpResponseCodec.decode(AbstractHttpResponseCodec.java:80)
	at org.openqa.selenium.remote.http.AbstractHttpResponseCodec.decode(AbstractHttpResponseCodec.java:44)
	at org.openqa.selenium.remote.HttpCommandExecutor.execute(HttpCommandExecutor.java:158)
	at org.openqa.selenium.remote.service.DriverCommandExecutor.execute(DriverCommandExecutor.java:83)
	at org.openqa.selenium.remote.RemoteWebDriver.execute(RemoteWebDriver.java:545)
	at org.openqa.selenium.remote.RemoteWebElement.execute(RemoteWebElement.java:279)
	at org.openqa.selenium.remote.RemoteWebElement.click(RemoteWebElement.java:83)
	at com.nationalguard.MavenDataDrivenNationalGuard.WeightCalculatorTest.weightCalculatorMale(WeightCalculatorTest.java:71)
	at sun.reflect.NativeMethodAccessorImpl.invoke0(Native Method)
	at sun.reflect.NativeMethodAccessorImpl.invoke(NativeMethodAccessorImpl.java:62)
	at sun.reflect.DelegatingMethodAccessorImpl.invoke(DelegatingMethodAccessorImpl.java:43)
	at java.lang.reflect.Method.invoke(Method.java:483)
	at org.testng.internal.MethodInvocationHelper.invokeMethod(MethodInvocationHelper.java:104)
	at org.testng.internal.Invoker.invokeMethod(Invoker.java:645)
	at org.testng.internal.Invoker.invokeTestMethod(Invoker.java:851)
	at org.testng.internal.Invoker.invokeTestMethods(Invoker.java:1177)
	at org.testng.internal.TestMethodWorker.invokeTestMethods(TestMethodWorker.java:129)
	at org.testng.internal.TestMethodWorker.run(TestMethodWorker.java:112)
	at org.testng.TestRunner.privateRun(TestRunner.java:756)
	at org.testng.TestRunner.run(TestRunner.java:610)
	at org.testng.SuiteRunner.runTest(SuiteRunner.java:387)
	at org.testng.SuiteRunner.runSequentially(SuiteRunner.java:382)
	at org.testng.SuiteRunner.privateRun(SuiteRunner.java:340)
	at org.testng.SuiteRunner.run(SuiteRunner.java:289)
	at org.testng.SuiteRunnerWorker.runSuite(SuiteRunnerWorker.java:52)
	at org.testng.SuiteRunnerWorker.run(SuiteRunnerWorker.java:86)
	at org.testng.TestNG.runSuitesSequentially(TestNG.java:1293)
	at org.testng.TestNG.runSuitesLocally(TestNG.java:1218)
	at org.testng.TestNG.runSuites(TestNG.java:1133)
	at org.testng.TestNG.run(TestNG.java:1104)
	at org.testng.remote.AbstractRemoteTestNG.run(AbstractRemoteTestNG.java:115)
	at org.testng.remote.RemoteTestNG.initAndRun(RemoteTestNG.java:251)
	at org.testng.remote.RemoteTestNG.main(RemoteTestNG.java:77)
]]>
            </full-stacktrace>
          </exception> <!-- org.openqa.selenium.WebDriverException -->
          <reporter-output>
          </reporter-output>
        </test-method> <!-- weightCalculatorMale -->
        <test-method status="PASS" signature="closeBrowser()[pri:0, instance:com.nationalguard.MavenDataDrivenNationalGuard.WeightCalculatorTest@13deb50e]" name="closeBrowser" is-config="true" duration-ms="1064" started-at="2019-09-30T16:38:38Z" finished-at="2019-09-30T16:38:40Z">
          <reporter-output>
          </reporter-output>
        </test-method> <!-- closeBrowser -->
      </class> <!-- com.nationalguard.MavenDataDrivenNationalGuard.WeightCalculatorTest -->
    </test> <!-- WeightCalculator -->
  </suite> <!-- National Guard Suite -->
</testng-results>
