<?xml version="1.0" encoding="UTF-8"?>
<testng-results skipped="0" failed="0" ignored="0" total="2" passed="2">
  <reporter-output>
  </reporter-output>
  <suite name="Default suite" duration-ms="69118" started-at="2019-12-27T03:16:50Z" finished-at="2019-12-27T03:17:59Z">
    <groups>
    </groups>
    <test name="Default test" duration-ms="69118" started-at="2019-12-27T03:16:50Z" finished-at="2019-12-27T03:17:59Z">
      <class name="com.nationalguard.fitness.FitnessCal">
        <test-method status="PASS" signature="setupSuite()[pri:0, instance:com.nationalguard.fitness.FitnessCal@5e5792a0]" name="setupSuite" is-config="true" duration-ms="271" started-at="2019-12-27T14:16:50Z" finished-at="2019-12-27T14:16:50Z">
          <reporter-output>
          </reporter-output>
        </test-method> <!-- setupSuite -->
        <test-method status="PASS" signature="setup()[pri:0, instance:com.nationalguard.fitness.FitnessCal@5e5792a0]" name="setup" is-config="true" duration-ms="33461" started-at="2019-12-27T14:16:50Z" finished-at="2019-12-27T14:17:24Z">
          <reporter-output>
          </reporter-output>
        </test-method> <!-- setup -->
        <test-method status="PASS" signature="fitnessCalculatorMale()[pri:1, instance:com.nationalguard.fitness.FitnessCal@5e5792a0]" name="fitnessCalculatorMale" duration-ms="4165" started-at="2019-12-27T14:17:24Z" finished-at="2019-12-27T14:17:28Z">
          <reporter-output>
          </reporter-output>
        </test-method> <!-- fitnessCalculatorMale -->
        <test-method status="PASS" signature="tearDownMethod(org.testng.ITestResult)[pri:0, instance:com.nationalguard.fitness.FitnessCal@5e5792a0]" name="tearDownMethod" is-config="true" duration-ms="1775" started-at="2019-12-27T14:17:28Z" finished-at="2019-12-27T14:17:30Z">
          <params>
            <param index="0">
              <value>
                <![CDATA[[TestResult name=fitnessCalculatorMale status=SUCCESS method=FitnessCal.fitnessCalculatorMale()[pri:1, instance:com.nationalguard.fitness.FitnessCal@5e5792a0] output={null}]]]>
              </value>
            </param>
          </params>
          <reporter-output>
          </reporter-output>
        </test-method> <!-- tearDownMethod -->
        <test-method status="PASS" signature="setup()[pri:0, instance:com.nationalguard.fitness.FitnessCal@5e5792a0]" name="setup" is-config="true" duration-ms="24385" started-at="2019-12-27T14:17:30Z" finished-at="2019-12-27T14:17:54Z">
          <reporter-output>
          </reporter-output>
        </test-method> <!-- setup -->
        <test-method status="PASS" signature="fitnessCalculatorFemale()[pri:2, instance:com.nationalguard.fitness.FitnessCal@5e5792a0]" name="fitnessCalculatorFemale" duration-ms="3785" started-at="2019-12-27T14:17:54Z" finished-at="2019-12-27T14:17:58Z">
          <reporter-output>
          </reporter-output>
        </test-method> <!-- fitnessCalculatorFemale -->
        <test-method status="PASS" signature="tearDownMethod(org.testng.ITestResult)[pri:0, instance:com.nationalguard.fitness.FitnessCal@5e5792a0]" name="tearDownMethod" is-config="true" duration-ms="1244" started-at="2019-12-27T14:17:58Z" finished-at="2019-12-27T14:17:59Z">
          <params>
            <param index="0">
              <value>
                <![CDATA[[TestResult name=fitnessCalculatorFemale status=SUCCESS method=FitnessCal.fitnessCalculatorFemale()[pri:2, instance:com.nationalguard.fitness.FitnessCal@5e5792a0] output={null}]]]>
              </value>
            </param>
          </params>
          <reporter-output>
          </reporter-output>
        </test-method> <!-- tearDownMethod -->
      </class> <!-- com.nationalguard.fitness.FitnessCal -->
    </test> <!-- Default test -->
  </suite> <!-- Default suite -->
</testng-results>
