<?xml version="1.0" encoding="UTF-8"?>
<testng-results skipped="0" failed="0" ignored="0" total="1" passed="1">
  <reporter-output>
  </reporter-output>
  <suite name="Default suite" duration-ms="82169" started-at="2019-11-11T01:58:53Z" finished-at="2019-11-11T02:00:15Z">
    <groups>
    </groups>
    <test name="Default test" duration-ms="82169" started-at="2019-11-11T01:58:53Z" finished-at="2019-11-11T02:00:15Z">
      <class name="com.nationalguard.MavenDataDrivenNationalGuard.NationalGuardGetStarted">
        <test-method status="PASS" signature="setupSuite()[pri:0, instance:com.nationalguard.MavenDataDrivenNationalGuard.NationalGuardGetStarted@3ffc5af1]" name="setupSuite" is-config="true" duration-ms="212" started-at="2019-11-11T12:58:53Z" finished-at="2019-11-11T12:58:53Z">
          <reporter-output>
          </reporter-output>
        </test-method> <!-- setupSuite -->
        <test-method status="PASS" signature="setup()[pri:0, instance:com.nationalguard.MavenDataDrivenNationalGuard.NationalGuardGetStarted@3ffc5af1]" name="setup" is-config="true" duration-ms="22155" started-at="2019-11-11T12:58:53Z" finished-at="2019-11-11T12:59:15Z">
          <reporter-output>
          </reporter-output>
        </test-method> <!-- setup -->
        <test-method status="PASS" signature="getStartedForm()[pri:0, instance:com.nationalguard.MavenDataDrivenNationalGuard.NationalGuardGetStarted@3ffc5af1]" name="getStartedForm" duration-ms="58055" started-at="2019-11-11T12:59:15Z" finished-at="2019-11-11T13:00:13Z">
          <reporter-output>
          </reporter-output>
        </test-method> <!-- getStartedForm -->
        <test-method status="PASS" signature="tearDownMethod(org.testng.ITestResult)[pri:0, instance:com.nationalguard.MavenDataDrivenNationalGuard.NationalGuardGetStarted@3ffc5af1]" name="tearDownMethod" is-config="true" duration-ms="1935" started-at="2019-11-11T13:00:13Z" finished-at="2019-11-11T13:00:15Z">
          <params>
            <param index="0">
              <value>
                <![CDATA[[TestResult name=getStartedForm status=SUCCESS method=NationalGuardGetStarted.getStartedForm()[pri:0, instance:com.nationalguard.MavenDataDrivenNationalGuard.NationalGuardGetStarted@3ffc5af1] output={null}]]]>
              </value>
            </param>
          </params>
          <reporter-output>
          </reporter-output>
        </test-method> <!-- tearDownMethod -->
      </class> <!-- com.nationalguard.MavenDataDrivenNationalGuard.NationalGuardGetStarted -->
    </test> <!-- Default test -->
  </suite> <!-- Default suite -->
</testng-results>
