<?xml version="1.0" encoding="UTF-8"?>
<testng-results skipped="0" failed="0" ignored="0" total="1" passed="1">
  <reporter-output>
  </reporter-output>
  <suite name="Default suite" duration-ms="169010" started-at="2020-01-29T05:00:37Z" finished-at="2020-01-29T05:03:26Z">
    <groups>
    </groups>
    <test name="Default test" duration-ms="169010" started-at="2020-01-29T05:00:37Z" finished-at="2020-01-29T05:03:26Z">
      <class name="com.nationalguard.getstarted.NationalGuardGetStarted">
        <test-method status="PASS" signature="setupSuite()[pri:0, instance:com.nationalguard.getstarted.NationalGuardGetStarted@29774679]" name="setupSuite" is-config="true" duration-ms="255" started-at="2020-01-29T16:00:37Z" finished-at="2020-01-29T16:00:37Z">
          <reporter-output>
          </reporter-output>
        </test-method> <!-- setupSuite -->
        <test-method status="PASS" signature="getStartedForm()[pri:0, instance:com.nationalguard.getstarted.NationalGuardGetStarted@29774679]" name="getStartedForm" duration-ms="168222" started-at="2020-01-29T16:00:37Z" finished-at="2020-01-29T16:03:25Z">
          <reporter-output>
          </reporter-output>
        </test-method> <!-- getStartedForm -->
        <test-method status="PASS" signature="tearDownMethod(org.testng.ITestResult)[pri:0, instance:com.nationalguard.getstarted.NationalGuardGetStarted@29774679]" name="tearDownMethod" is-config="true" duration-ms="505" started-at="2020-01-29T16:03:26Z" finished-at="2020-01-29T16:03:26Z">
          <params>
            <param index="0">
              <value>
                <![CDATA[[TestResult name=getStartedForm status=SUCCESS method=NationalGuardGetStarted.getStartedForm()[pri:0, instance:com.nationalguard.getstarted.NationalGuardGetStarted@29774679] output={null}]]]>
              </value>
            </param>
          </params>
          <reporter-output>
          </reporter-output>
        </test-method> <!-- tearDownMethod -->
      </class> <!-- com.nationalguard.getstarted.NationalGuardGetStarted -->
    </test> <!-- Default test -->
  </suite> <!-- Default suite -->
</testng-results>
